<?xml version="1.0" encoding="UTF-8"?>
<!-- Generated by org.testng.reporters.JUnitReportReporter -->
<testsuite hostname="DESKTOP-ALK3VQG" failures="0" tests="1" name="deneme.Q5_DragAndDrop" time="9.935" errors="0" timestamp="2022-10-19T21:16:59 EET" skipped="0">
  <testcase classname="deneme.Q5_DragAndDrop" name="test" time="9.935"/>
  <system-out/>
</testsuite> <!-- deneme.Q5_DragAndDrop -->
